TN:
SF:src\server.ts
FN:25,(anonymous_1)
FNF:1
FNH:1
FNDA:1,(anonymous_1)
DA:1,1
DA:2,1
DA:3,1
DA:4,1
DA:5,1
DA:6,1
DA:7,1
DA:9,1
DA:11,1
DA:12,1
DA:13,1
DA:16,1
DA:19,1
DA:22,1
DA:23,1
DA:25,1
DA:26,1
DA:27,1
DA:31,1
LF:19
LH:19
BRDA:23,0,0,1
BRDA:23,0,1,0
BRF:2
BRH:1
end_of_record
TN:
SF:src\core\errors\appError.ts
FN:5,(anonymous_0)
FNF:1
FNH:1
FNDA:1,(anonymous_0)
DA:1,1
DA:6,1
DA:7,1
DA:8,1
LF:4
LH:4
BRDA:5,0,0,0
BRF:1
BRH:0
end_of_record
TN:
SF:src\core\errors\errorHandler.ts
FN:5,errorHandler
FNF:1
FNH:1
FNDA:1,errorHandler
DA:2,1
DA:3,1
DA:5,1
DA:6,1
DA:7,1
DA:8,1
DA:10,0
DA:11,0
LF:8
LH:6
BRDA:6,0,0,1
BRDA:6,0,1,0
BRF:2
BRH:1
end_of_record
TN:
SF:src\core\utils\dateHelpers.ts
FN:1,isValidISODate
FN:6,toStartOfDay
FN:11,toEndOfDay
FNF:3
FNH:3
FNDA:4,isValidISODate
FNDA:3,toStartOfDay
FNDA:3,toEndOfDay
DA:1,2
DA:3,4
DA:6,2
DA:7,3
DA:8,3
DA:11,2
DA:12,3
DA:13,3
LF:8
LH:8
BRDA:3,0,0,4
BRDA:3,0,1,4
BRF:2
BRH:2
end_of_record
TN:
SF:src\core\utils\logger.ts
FNF:0
FNH:0
DA:1,1
DA:3,1
LF:2
LH:2
BRDA:4,0,0,1
BRDA:4,0,1,1
BRF:2
BRH:2
end_of_record
TN:
SF:src\docs\swagger.ts
FNF:0
FNH:0
DA:3,1
LF:1
LH:1
BRF:0
BRH:0
end_of_record
TN:
SF:src\infra\database\prismaClient.ts
FNF:0
FNH:0
DA:1,2
DA:3,2
LF:2
LH:2
BRF:0
BRH:0
end_of_record
TN:
SF:src\infra\database\repositories\saleRepository.ts
FN:5,(anonymous_0)
FNF:1
FNH:1
FNDA:1,(anonymous_0)
DA:1,2
DA:4,2
DA:6,1
LF:3
LH:3
BRF:0
BRH:0
end_of_record
TN:
SF:src\infra\http\middlewares\validateDates.ts
FN:5,validateDates
FNF:1
FNH:1
FNDA:3,validateDates
DA:2,1
DA:3,1
DA:5,1
DA:6,3
DA:7,3
DA:8,1
DA:10,2
DA:11,2
DA:12,2
DA:13,0
DA:15,2
DA:16,0
DA:18,2
LF:13
LH:11
BRDA:7,0,0,1
BRDA:7,0,1,2
BRDA:7,1,0,3
BRDA:7,1,1,2
BRDA:12,2,0,0
BRDA:12,2,1,2
BRDA:12,3,0,2
BRDA:12,3,1,2
BRDA:15,4,0,0
BRDA:15,4,1,2
BRF:10
BRH:8
end_of_record
TN:
SF:src\infra\http\routes\dashboard.routes.ts
FN:8,(anonymous_0)
FNF:1
FNH:1
FNDA:2,(anonymous_0)
DA:1,1
DA:2,1
DA:3,1
DA:5,1
DA:6,1
DA:8,2
DA:10,1
LF:7
LH:7
BRF:0
BRH:0
end_of_record
TN:
SF:src\modules\controllers\dashboard.controller.ts
FN:5,(anonymous_0)
FN:8,(anonymous_1)
FNF:2
FNH:2
FNDA:1,(anonymous_0)
FNDA:2,(anonymous_1)
DA:2,1
DA:3,1
DA:5,1
DA:6,1
DA:9,2
DA:10,2
DA:12,2
DA:13,0
DA:16,2
DA:22,2
DA:24,0
LF:11
LH:9
BRDA:12,0,0,0
BRDA:12,0,1,2
BRF:2
BRH:1
end_of_record
TN:
SF:src\modules\services\dashboard.service.ts
FN:7,(anonymous_0)
FN:9,(anonymous_1)
FN:26,(anonymous_2)
FN:35,(anonymous_3)
FN:36,(anonymous_4)
FN:43,(anonymous_5)
FN:44,(anonymous_6)
FN:51,(anonymous_7)
FN:52,(anonymous_8)
FN:58,(anonymous_9)
FNF:10
FNH:5
FNDA:4,(anonymous_0)
FNDA:5,(anonymous_1)
FNDA:5,(anonymous_2)
FNDA:2,(anonymous_3)
FNDA:6,(anonymous_4)
FNDA:0,(anonymous_5)
FNDA:0,(anonymous_6)
FNDA:0,(anonymous_7)
FNDA:0,(anonymous_8)
FNDA:0,(anonymous_9)
DA:2,2
DA:3,2
DA:6,2
DA:7,4
DA:10,5
DA:11,5
DA:13,3
DA:14,3
DA:16,3
DA:17,3
DA:19,2
DA:20,2
DA:21,0
DA:22,0
DA:27,5
DA:28,5
DA:29,5
DA:30,5
DA:31,5
DA:32,2
DA:36,2
DA:37,6
DA:38,6
DA:40,2
DA:44,0
DA:45,0
DA:46,0
DA:48,0
DA:52,0
DA:53,0
DA:54,0
DA:55,0
DA:57,0
DA:58,0
DA:59,0
LF:35
LH:22
BRDA:7,0,0,1
BRDA:11,1,0,2
BRDA:11,1,1,3
BRDA:17,2,0,1
BRDA:17,2,1,2
BRDA:19,3,0,2
BRDA:19,3,1,0
BRDA:19,3,2,0
BRDA:28,4,0,0
BRDA:28,4,1,5
BRDA:29,5,0,0
BRDA:29,5,1,5
BRDA:30,6,0,0
BRDA:30,6,1,5
BRDA:31,7,0,3
BRDA:31,7,1,2
BRDA:31,8,0,5
BRDA:31,8,1,2
BRDA:31,8,2,2
BRDA:37,9,0,6
BRDA:37,9,1,5
BRDA:45,10,0,0
BRDA:45,10,1,0
BRDA:54,11,0,0
BRDA:54,11,1,0
BRF:25
BRH:16
end_of_record
TN:
SF:src\modules\usecases\getChartData.ts
FN:5,(anonymous_0)
FN:8,(anonymous_1)
FNF:2
FNH:2
FNDA:1,(anonymous_0)
FNDA:2,(anonymous_1)
DA:1,1
DA:5,1
DA:6,1
DA:9,2
LF:4
LH:4
BRF:0
BRH:0
end_of_record
